<?xml version="1.0" encoding="UTF-8"?>
<testsuite xmlns:xsi="http://www.w3.org/2001/XMLSchema-instance" xsi:noNamespaceSchemaLocation="https://maven.apache.org/surefire/maven-surefire-plugin/xsd/surefire-test-report.xsd" name="com.zsy.demo.DemoApplicationTests" time="7.915" tests="1" errors="0" skipped="0" failures="0">
  <properties>
    <property name="sun.desktop" value="windows"/>
    <property name="awt.toolkit" value="sun.awt.windows.WToolkit"/>
    <property name="file.encoding.pkg" value="sun.io"/>
    <property name="java.specification.version" value="1.8"/>
    <property name="sun.cpu.isalist" value="amd64"/>
    <property name="sun.jnu.encoding" value="GBK"/>
    <property name="java.class.path" value="F:\代码文件夹\demo\target\test-classes;F:\代码文件夹\demo\target\classes;F:\maven工作区间\org\springframework\boot\spring-boot-starter-web\2.2.0.RELEASE\spring-boot-starter-web-2.2.0.RELEASE.jar;F:\maven工作区间\org\springframework\boot\spring-boot-starter\2.2.0.RELEASE\spring-boot-starter-2.2.0.RELEASE.jar;F:\maven工作区间\org\springframework\boot\spring-boot\2.2.0.RELEASE\spring-boot-2.2.0.RELEASE.jar;F:\maven工作区间\org\springframework\boot\spring-boot-autoconfigure\2.2.0.RELEASE\spring-boot-autoconfigure-2.2.0.RELEASE.jar;F:\maven工作区间\org\springframework\boot\spring-boot-starter-logging\2.2.0.RELEASE\spring-boot-starter-logging-2.2.0.RELEASE.jar;F:\maven工作区间\ch\qos\logback\logback-classic\1.2.3\logback-classic-1.2.3.jar;F:\maven工作区间\ch\qos\logback\logback-core\1.2.3\logback-core-1.2.3.jar;F:\maven工作区间\org\apache\logging\log4j\log4j-to-slf4j\2.12.1\log4j-to-slf4j-2.12.1.jar;F:\maven工作区间\org\apache\logging\log4j\log4j-api\2.12.1\log4j-api-2.12.1.jar;F:\maven工作区间\org\slf4j\jul-to-slf4j\1.7.28\jul-to-slf4j-1.7.28.jar;F:\maven工作区间\jakarta\annotation\jakarta.annotation-api\1.3.5\jakarta.annotation-api-1.3.5.jar;F:\maven工作区间\org\yaml\snakeyaml\1.25\snakeyaml-1.25.jar;F:\maven工作区间\org\springframework\boot\spring-boot-starter-json\2.2.0.RELEASE\spring-boot-starter-json-2.2.0.RELEASE.jar;F:\maven工作区间\com\fasterxml\jackson\core\jackson-databind\2.10.0\jackson-databind-2.10.0.jar;F:\maven工作区间\com\fasterxml\jackson\core\jackson-annotations\2.10.0\jackson-annotations-2.10.0.jar;F:\maven工作区间\com\fasterxml\jackson\core\jackson-core\2.10.0\jackson-core-2.10.0.jar;F:\maven工作区间\com\fasterxml\jackson\datatype\jackson-datatype-jdk8\2.10.0\jackson-datatype-jdk8-2.10.0.jar;F:\maven工作区间\com\fasterxml\jackson\datatype\jackson-datatype-jsr310\2.10.0\jackson-datatype-jsr310-2.10.0.jar;F:\maven工作区间\com\fasterxml\jackson\module\jackson-module-parameter-names\2.10.0\jackson-module-parameter-names-2.10.0.jar;F:\maven工作区间\org\springframework\boot\spring-boot-starter-tomcat\2.2.0.RELEASE\spring-boot-starter-tomcat-2.2.0.RELEASE.jar;F:\maven工作区间\org\apache\tomcat\embed\tomcat-embed-core\9.0.27\tomcat-embed-core-9.0.27.jar;F:\maven工作区间\org\apache\tomcat\embed\tomcat-embed-el\9.0.27\tomcat-embed-el-9.0.27.jar;F:\maven工作区间\org\apache\tomcat\embed\tomcat-embed-websocket\9.0.27\tomcat-embed-websocket-9.0.27.jar;F:\maven工作区间\org\springframework\boot\spring-boot-starter-validation\2.2.0.RELEASE\spring-boot-starter-validation-2.2.0.RELEASE.jar;F:\maven工作区间\jakarta\validation\jakarta.validation-api\2.0.1\jakarta.validation-api-2.0.1.jar;F:\maven工作区间\org\hibernate\validator\hibernate-validator\6.0.17.Final\hibernate-validator-6.0.17.Final.jar;F:\maven工作区间\org\jboss\logging\jboss-logging\3.4.1.Final\jboss-logging-3.4.1.Final.jar;F:\maven工作区间\com\fasterxml\classmate\1.5.0\classmate-1.5.0.jar;F:\maven工作区间\org\springframework\spring-web\5.2.0.RELEASE\spring-web-5.2.0.RELEASE.jar;F:\maven工作区间\org\springframework\spring-webmvc\5.2.0.RELEASE\spring-webmvc-5.2.0.RELEASE.jar;F:\maven工作区间\org\springframework\spring-aop\5.2.0.RELEASE\spring-aop-5.2.0.RELEASE.jar;F:\maven工作区间\org\springframework\spring-expression\5.2.0.RELEASE\spring-expression-5.2.0.RELEASE.jar;F:\maven工作区间\org\springframework\boot\spring-boot-starter-test\2.2.0.RELEASE\spring-boot-starter-test-2.2.0.RELEASE.jar;F:\maven工作区间\org\springframework\boot\spring-boot-test\2.2.0.RELEASE\spring-boot-test-2.2.0.RELEASE.jar;F:\maven工作区间\org\springframework\boot\spring-boot-test-autoconfigure\2.2.0.RELEASE\spring-boot-test-autoconfigure-2.2.0.RELEASE.jar;F:\maven工作区间\com\jayway\jsonpath\json-path\2.4.0\json-path-2.4.0.jar;F:\maven工作区间\net\minidev\json-smart\2.3\json-smart-2.3.jar;F:\maven工作区间\net\minidev\accessors-smart\1.2\accessors-smart-1.2.jar;F:\maven工作区间\org\ow2\asm\asm\5.0.4\asm-5.0.4.jar;F:\maven工作区间\org\slf4j\slf4j-api\1.7.28\slf4j-api-1.7.28.jar;F:\maven工作区间\jakarta\xml\bind\jakarta.xml.bind-api\2.3.2\jakarta.xml.bind-api-2.3.2.jar;F:\maven工作区间\jakarta\activation\jakarta.activation-api\1.2.1\jakarta.activation-api-1.2.1.jar;F:\maven工作区间\org\junit\jupiter\junit-jupiter\5.5.2\junit-jupiter-5.5.2.jar;F:\maven工作区间\org\junit\jupiter\junit-jupiter-api\5.5.2\junit-jupiter-api-5.5.2.jar;F:\maven工作区间\org\apiguardian\apiguardian-api\1.1.0\apiguardian-api-1.1.0.jar;F:\maven工作区间\org\opentest4j\opentest4j\1.2.0\opentest4j-1.2.0.jar;F:\maven工作区间\org\junit\platform\junit-platform-commons\1.5.2\junit-platform-commons-1.5.2.jar;F:\maven工作区间\org\junit\jupiter\junit-jupiter-params\5.5.2\junit-jupiter-params-5.5.2.jar;F:\maven工作区间\org\junit\jupiter\junit-jupiter-engine\5.5.2\junit-jupiter-engine-5.5.2.jar;F:\maven工作区间\org\junit\platform\junit-platform-engine\1.5.2\junit-platform-engine-1.5.2.jar;F:\maven工作区间\org\mockito\mockito-junit-jupiter\3.1.0\mockito-junit-jupiter-3.1.0.jar;F:\maven工作区间\org\assertj\assertj-core\3.13.2\assertj-core-3.13.2.jar;F:\maven工作区间\org\hamcrest\hamcrest\2.1\hamcrest-2.1.jar;F:\maven工作区间\org\mockito\mockito-core\3.1.0\mockito-core-3.1.0.jar;F:\maven工作区间\net\bytebuddy\byte-buddy\1.10.1\byte-buddy-1.10.1.jar;F:\maven工作区间\net\bytebuddy\byte-buddy-agent\1.10.1\byte-buddy-agent-1.10.1.jar;F:\maven工作区间\org\objenesis\objenesis\2.6\objenesis-2.6.jar;F:\maven工作区间\org\skyscreamer\jsonassert\1.5.0\jsonassert-1.5.0.jar;F:\maven工作区间\com\vaadin\external\google\android-json\0.0.20131108.vaadin1\android-json-0.0.20131108.vaadin1.jar;F:\maven工作区间\org\springframework\spring-core\5.2.0.RELEASE\spring-core-5.2.0.RELEASE.jar;F:\maven工作区间\org\springframework\spring-jcl\5.2.0.RELEASE\spring-jcl-5.2.0.RELEASE.jar;F:\maven工作区间\org\springframework\spring-test\5.2.0.RELEASE\spring-test-5.2.0.RELEASE.jar;F:\maven工作区间\org\xmlunit\xmlunit-core\2.6.3\xmlunit-core-2.6.3.jar;F:\maven工作区间\org\mybatis\spring\boot\mybatis-spring-boot-starter\1.3.2\mybatis-spring-boot-starter-1.3.2.jar;F:\maven工作区间\org\springframework\boot\spring-boot-starter-jdbc\2.2.0.RELEASE\spring-boot-starter-jdbc-2.2.0.RELEASE.jar;F:\maven工作区间\com\zaxxer\HikariCP\3.4.1\HikariCP-3.4.1.jar;F:\maven工作区间\org\springframework\spring-jdbc\5.2.0.RELEASE\spring-jdbc-5.2.0.RELEASE.jar;F:\maven工作区间\org\mybatis\spring\boot\mybatis-spring-boot-autoconfigure\1.3.2\mybatis-spring-boot-autoconfigure-1.3.2.jar;F:\maven工作区间\org\mybatis\mybatis\3.4.6\mybatis-3.4.6.jar;F:\maven工作区间\org\mybatis\mybatis-spring\1.3.2\mybatis-spring-1.3.2.jar;F:\maven工作区间\org\springframework\boot\spring-boot-starter-data-redis\2.2.0.RELEASE\spring-boot-starter-data-redis-2.2.0.RELEASE.jar;F:\maven工作区间\org\springframework\data\spring-data-redis\2.2.0.RELEASE\spring-data-redis-2.2.0.RELEASE.jar;F:\maven工作区间\org\springframework\data\spring-data-keyvalue\2.2.0.RELEASE\spring-data-keyvalue-2.2.0.RELEASE.jar;F:\maven工作区间\org\springframework\data\spring-data-commons\2.2.0.RELEASE\spring-data-commons-2.2.0.RELEASE.jar;F:\maven工作区间\org\springframework\spring-tx\5.2.0.RELEASE\spring-tx-5.2.0.RELEASE.jar;F:\maven工作区间\org\springframework\spring-oxm\5.2.0.RELEASE\spring-oxm-5.2.0.RELEASE.jar;F:\maven工作区间\io\lettuce\lettuce-core\5.2.0.RELEASE\lettuce-core-5.2.0.RELEASE.jar;F:\maven工作区间\io\netty\netty-common\4.1.42.Final\netty-common-4.1.42.Final.jar;F:\maven工作区间\io\netty\netty-handler\4.1.42.Final\netty-handler-4.1.42.Final.jar;F:\maven工作区间\io\netty\netty-buffer\4.1.42.Final\netty-buffer-4.1.42.Final.jar;F:\maven工作区间\io\netty\netty-codec\4.1.42.Final\netty-codec-4.1.42.Final.jar;F:\maven工作区间\io\netty\netty-transport\4.1.42.Final\netty-transport-4.1.42.Final.jar;F:\maven工作区间\io\netty\netty-resolver\4.1.42.Final\netty-resolver-4.1.42.Final.jar;F:\maven工作区间\io\projectreactor\reactor-core\3.3.0.RELEASE\reactor-core-3.3.0.RELEASE.jar;F:\maven工作区间\org\reactivestreams\reactive-streams\1.0.3\reactive-streams-1.0.3.jar;F:\maven工作区间\org\springframework\boot\spring-boot-starter-mail\2.2.0.RELEASE\spring-boot-starter-mail-2.2.0.RELEASE.jar;F:\maven工作区间\com\sun\mail\jakarta.mail\1.6.4\jakarta.mail-1.6.4.jar;F:\maven工作区间\com\sun\activation\jakarta.activation\1.2.1\jakarta.activation-1.2.1.jar;F:\maven工作区间\org\springframework\boot\spring-boot-starter-thymeleaf\2.2.0.RELEASE\spring-boot-starter-thymeleaf-2.2.0.RELEASE.jar;F:\maven工作区间\org\thymeleaf\thymeleaf-spring5\3.0.11.RELEASE\thymeleaf-spring5-3.0.11.RELEASE.jar;F:\maven工作区间\org\thymeleaf\thymeleaf\3.0.11.RELEASE\thymeleaf-3.0.11.RELEASE.jar;F:\maven工作区间\org\attoparser\attoparser\2.0.5.RELEASE\attoparser-2.0.5.RELEASE.jar;F:\maven工作区间\org\unbescape\unbescape\1.1.6.RELEASE\unbescape-1.1.6.RELEASE.jar;F:\maven工作区间\org\thymeleaf\extras\thymeleaf-extras-java8time\3.0.4.RELEASE\thymeleaf-extras-java8time-3.0.4.RELEASE.jar;F:\maven工作区间\org\springframework\spring-context-support\5.2.0.RELEASE\spring-context-support-5.2.0.RELEASE.jar;F:\maven工作区间\org\springframework\spring-beans\5.2.0.RELEASE\spring-beans-5.2.0.RELEASE.jar;F:\maven工作区间\org\springframework\spring-context\5.2.0.RELEASE\spring-context-5.2.0.RELEASE.jar;F:\maven工作区间\mysql\mysql-connector-java\8.0.18\mysql-connector-java-8.0.18.jar;"/>
    <property name="java.vm.vendor" value="Oracle Corporation"/>
    <property name="sun.arch.data.model" value="64"/>
    <property name="user.variant" value=""/>
    <property name="java.vendor.url" value="http://java.oracle.com/"/>
    <property name="user.timezone" value="Asia/Shanghai"/>
    <property name="java.vm.specification.version" value="1.8"/>
    <property name="os.name" value="Windows 7"/>
    <property name="user.country" value="CN"/>
    <property name="sun.java.launcher" value="SUN_STANDARD"/>
    <property name="sun.boot.library.path" value="E:\jdk1.8\jre\bin"/>
    <property name="sun.java.command" value="C:\Users\ADMINI~1\AppData\Local\Temp\surefire7480178029779260957\surefirebooter2784362048873006826.jar C:\Users\Administrator\AppData\Local\Temp\surefire7480178029779260957 2019-11-20T14-57-55_731-jvmRun1 surefire5122467880450457335tmp surefire_0865620310252905747tmp"/>
    <property name="surefire.test.class.path" value="F:\代码文件夹\demo\target\test-classes;F:\代码文件夹\demo\target\classes;F:\maven工作区间\org\springframework\boot\spring-boot-starter-web\2.2.0.RELEASE\spring-boot-starter-web-2.2.0.RELEASE.jar;F:\maven工作区间\org\springframework\boot\spring-boot-starter\2.2.0.RELEASE\spring-boot-starter-2.2.0.RELEASE.jar;F:\maven工作区间\org\springframework\boot\spring-boot\2.2.0.RELEASE\spring-boot-2.2.0.RELEASE.jar;F:\maven工作区间\org\springframework\boot\spring-boot-autoconfigure\2.2.0.RELEASE\spring-boot-autoconfigure-2.2.0.RELEASE.jar;F:\maven工作区间\org\springframework\boot\spring-boot-starter-logging\2.2.0.RELEASE\spring-boot-starter-logging-2.2.0.RELEASE.jar;F:\maven工作区间\ch\qos\logback\logback-classic\1.2.3\logback-classic-1.2.3.jar;F:\maven工作区间\ch\qos\logback\logback-core\1.2.3\logback-core-1.2.3.jar;F:\maven工作区间\org\apache\logging\log4j\log4j-to-slf4j\2.12.1\log4j-to-slf4j-2.12.1.jar;F:\maven工作区间\org\apache\logging\log4j\log4j-api\2.12.1\log4j-api-2.12.1.jar;F:\maven工作区间\org\slf4j\jul-to-slf4j\1.7.28\jul-to-slf4j-1.7.28.jar;F:\maven工作区间\jakarta\annotation\jakarta.annotation-api\1.3.5\jakarta.annotation-api-1.3.5.jar;F:\maven工作区间\org\yaml\snakeyaml\1.25\snakeyaml-1.25.jar;F:\maven工作区间\org\springframework\boot\spring-boot-starter-json\2.2.0.RELEASE\spring-boot-starter-json-2.2.0.RELEASE.jar;F:\maven工作区间\com\fasterxml\jackson\core\jackson-databind\2.10.0\jackson-databind-2.10.0.jar;F:\maven工作区间\com\fasterxml\jackson\core\jackson-annotations\2.10.0\jackson-annotations-2.10.0.jar;F:\maven工作区间\com\fasterxml\jackson\core\jackson-core\2.10.0\jackson-core-2.10.0.jar;F:\maven工作区间\com\fasterxml\jackson\datatype\jackson-datatype-jdk8\2.10.0\jackson-datatype-jdk8-2.10.0.jar;F:\maven工作区间\com\fasterxml\jackson\datatype\jackson-datatype-jsr310\2.10.0\jackson-datatype-jsr310-2.10.0.jar;F:\maven工作区间\com\fasterxml\jackson\module\jackson-module-parameter-names\2.10.0\jackson-module-parameter-names-2.10.0.jar;F:\maven工作区间\org\springframework\boot\spring-boot-starter-tomcat\2.2.0.RELEASE\spring-boot-starter-tomcat-2.2.0.RELEASE.jar;F:\maven工作区间\org\apache\tomcat\embed\tomcat-embed-core\9.0.27\tomcat-embed-core-9.0.27.jar;F:\maven工作区间\org\apache\tomcat\embed\tomcat-embed-el\9.0.27\tomcat-embed-el-9.0.27.jar;F:\maven工作区间\org\apache\tomcat\embed\tomcat-embed-websocket\9.0.27\tomcat-embed-websocket-9.0.27.jar;F:\maven工作区间\org\springframework\boot\spring-boot-starter-validation\2.2.0.RELEASE\spring-boot-starter-validation-2.2.0.RELEASE.jar;F:\maven工作区间\jakarta\validation\jakarta.validation-api\2.0.1\jakarta.validation-api-2.0.1.jar;F:\maven工作区间\org\hibernate\validator\hibernate-validator\6.0.17.Final\hibernate-validator-6.0.17.Final.jar;F:\maven工作区间\org\jboss\logging\jboss-logging\3.4.1.Final\jboss-logging-3.4.1.Final.jar;F:\maven工作区间\com\fasterxml\classmate\1.5.0\classmate-1.5.0.jar;F:\maven工作区间\org\springframework\spring-web\5.2.0.RELEASE\spring-web-5.2.0.RELEASE.jar;F:\maven工作区间\org\springframework\spring-webmvc\5.2.0.RELEASE\spring-webmvc-5.2.0.RELEASE.jar;F:\maven工作区间\org\springframework\spring-aop\5.2.0.RELEASE\spring-aop-5.2.0.RELEASE.jar;F:\maven工作区间\org\springframework\spring-expression\5.2.0.RELEASE\spring-expression-5.2.0.RELEASE.jar;F:\maven工作区间\org\springframework\boot\spring-boot-starter-test\2.2.0.RELEASE\spring-boot-starter-test-2.2.0.RELEASE.jar;F:\maven工作区间\org\springframework\boot\spring-boot-test\2.2.0.RELEASE\spring-boot-test-2.2.0.RELEASE.jar;F:\maven工作区间\org\springframework\boot\spring-boot-test-autoconfigure\2.2.0.RELEASE\spring-boot-test-autoconfigure-2.2.0.RELEASE.jar;F:\maven工作区间\com\jayway\jsonpath\json-path\2.4.0\json-path-2.4.0.jar;F:\maven工作区间\net\minidev\json-smart\2.3\json-smart-2.3.jar;F:\maven工作区间\net\minidev\accessors-smart\1.2\accessors-smart-1.2.jar;F:\maven工作区间\org\ow2\asm\asm\5.0.4\asm-5.0.4.jar;F:\maven工作区间\org\slf4j\slf4j-api\1.7.28\slf4j-api-1.7.28.jar;F:\maven工作区间\jakarta\xml\bind\jakarta.xml.bind-api\2.3.2\jakarta.xml.bind-api-2.3.2.jar;F:\maven工作区间\jakarta\activation\jakarta.activation-api\1.2.1\jakarta.activation-api-1.2.1.jar;F:\maven工作区间\org\junit\jupiter\junit-jupiter\5.5.2\junit-jupiter-5.5.2.jar;F:\maven工作区间\org\junit\jupiter\junit-jupiter-api\5.5.2\junit-jupiter-api-5.5.2.jar;F:\maven工作区间\org\apiguardian\apiguardian-api\1.1.0\apiguardian-api-1.1.0.jar;F:\maven工作区间\org\opentest4j\opentest4j\1.2.0\opentest4j-1.2.0.jar;F:\maven工作区间\org\junit\platform\junit-platform-commons\1.5.2\junit-platform-commons-1.5.2.jar;F:\maven工作区间\org\junit\jupiter\junit-jupiter-params\5.5.2\junit-jupiter-params-5.5.2.jar;F:\maven工作区间\org\junit\jupiter\junit-jupiter-engine\5.5.2\junit-jupiter-engine-5.5.2.jar;F:\maven工作区间\org\junit\platform\junit-platform-engine\1.5.2\junit-platform-engine-1.5.2.jar;F:\maven工作区间\org\mockito\mockito-junit-jupiter\3.1.0\mockito-junit-jupiter-3.1.0.jar;F:\maven工作区间\org\assertj\assertj-core\3.13.2\assertj-core-3.13.2.jar;F:\maven工作区间\org\hamcrest\hamcrest\2.1\hamcrest-2.1.jar;F:\maven工作区间\org\mockito\mockito-core\3.1.0\mockito-core-3.1.0.jar;F:\maven工作区间\net\bytebuddy\byte-buddy\1.10.1\byte-buddy-1.10.1.jar;F:\maven工作区间\net\bytebuddy\byte-buddy-agent\1.10.1\byte-buddy-agent-1.10.1.jar;F:\maven工作区间\org\objenesis\objenesis\2.6\objenesis-2.6.jar;F:\maven工作区间\org\skyscreamer\jsonassert\1.5.0\jsonassert-1.5.0.jar;F:\maven工作区间\com\vaadin\external\google\android-json\0.0.20131108.vaadin1\android-json-0.0.20131108.vaadin1.jar;F:\maven工作区间\org\springframework\spring-core\5.2.0.RELEASE\spring-core-5.2.0.RELEASE.jar;F:\maven工作区间\org\springframework\spring-jcl\5.2.0.RELEASE\spring-jcl-5.2.0.RELEASE.jar;F:\maven工作区间\org\springframework\spring-test\5.2.0.RELEASE\spring-test-5.2.0.RELEASE.jar;F:\maven工作区间\org\xmlunit\xmlunit-core\2.6.3\xmlunit-core-2.6.3.jar;F:\maven工作区间\org\mybatis\spring\boot\mybatis-spring-boot-starter\1.3.2\mybatis-spring-boot-starter-1.3.2.jar;F:\maven工作区间\org\springframework\boot\spring-boot-starter-jdbc\2.2.0.RELEASE\spring-boot-starter-jdbc-2.2.0.RELEASE.jar;F:\maven工作区间\com\zaxxer\HikariCP\3.4.1\HikariCP-3.4.1.jar;F:\maven工作区间\org\springframework\spring-jdbc\5.2.0.RELEASE\spring-jdbc-5.2.0.RELEASE.jar;F:\maven工作区间\org\mybatis\spring\boot\mybatis-spring-boot-autoconfigure\1.3.2\mybatis-spring-boot-autoconfigure-1.3.2.jar;F:\maven工作区间\org\mybatis\mybatis\3.4.6\mybatis-3.4.6.jar;F:\maven工作区间\org\mybatis\mybatis-spring\1.3.2\mybatis-spring-1.3.2.jar;F:\maven工作区间\org\springframework\boot\spring-boot-starter-data-redis\2.2.0.RELEASE\spring-boot-starter-data-redis-2.2.0.RELEASE.jar;F:\maven工作区间\org\springframework\data\spring-data-redis\2.2.0.RELEASE\spring-data-redis-2.2.0.RELEASE.jar;F:\maven工作区间\org\springframework\data\spring-data-keyvalue\2.2.0.RELEASE\spring-data-keyvalue-2.2.0.RELEASE.jar;F:\maven工作区间\org\springframework\data\spring-data-commons\2.2.0.RELEASE\spring-data-commons-2.2.0.RELEASE.jar;F:\maven工作区间\org\springframework\spring-tx\5.2.0.RELEASE\spring-tx-5.2.0.RELEASE.jar;F:\maven工作区间\org\springframework\spring-oxm\5.2.0.RELEASE\spring-oxm-5.2.0.RELEASE.jar;F:\maven工作区间\io\lettuce\lettuce-core\5.2.0.RELEASE\lettuce-core-5.2.0.RELEASE.jar;F:\maven工作区间\io\netty\netty-common\4.1.42.Final\netty-common-4.1.42.Final.jar;F:\maven工作区间\io\netty\netty-handler\4.1.42.Final\netty-handler-4.1.42.Final.jar;F:\maven工作区间\io\netty\netty-buffer\4.1.42.Final\netty-buffer-4.1.42.Final.jar;F:\maven工作区间\io\netty\netty-codec\4.1.42.Final\netty-codec-4.1.42.Final.jar;F:\maven工作区间\io\netty\netty-transport\4.1.42.Final\netty-transport-4.1.42.Final.jar;F:\maven工作区间\io\netty\netty-resolver\4.1.42.Final\netty-resolver-4.1.42.Final.jar;F:\maven工作区间\io\projectreactor\reactor-core\3.3.0.RELEASE\reactor-core-3.3.0.RELEASE.jar;F:\maven工作区间\org\reactivestreams\reactive-streams\1.0.3\reactive-streams-1.0.3.jar;F:\maven工作区间\org\springframework\boot\spring-boot-starter-mail\2.2.0.RELEASE\spring-boot-starter-mail-2.2.0.RELEASE.jar;F:\maven工作区间\com\sun\mail\jakarta.mail\1.6.4\jakarta.mail-1.6.4.jar;F:\maven工作区间\com\sun\activation\jakarta.activation\1.2.1\jakarta.activation-1.2.1.jar;F:\maven工作区间\org\springframework\boot\spring-boot-starter-thymeleaf\2.2.0.RELEASE\spring-boot-starter-thymeleaf-2.2.0.RELEASE.jar;F:\maven工作区间\org\thymeleaf\thymeleaf-spring5\3.0.11.RELEASE\thymeleaf-spring5-3.0.11.RELEASE.jar;F:\maven工作区间\org\thymeleaf\thymeleaf\3.0.11.RELEASE\thymeleaf-3.0.11.RELEASE.jar;F:\maven工作区间\org\attoparser\attoparser\2.0.5.RELEASE\attoparser-2.0.5.RELEASE.jar;F:\maven工作区间\org\unbescape\unbescape\1.1.6.RELEASE\unbescape-1.1.6.RELEASE.jar;F:\maven工作区间\org\thymeleaf\extras\thymeleaf-extras-java8time\3.0.4.RELEASE\thymeleaf-extras-java8time-3.0.4.RELEASE.jar;F:\maven工作区间\org\springframework\spring-context-support\5.2.0.RELEASE\spring-context-support-5.2.0.RELEASE.jar;F:\maven工作区间\org\springframework\spring-beans\5.2.0.RELEASE\spring-beans-5.2.0.RELEASE.jar;F:\maven工作区间\org\springframework\spring-context\5.2.0.RELEASE\spring-context-5.2.0.RELEASE.jar;F:\maven工作区间\mysql\mysql-connector-java\8.0.18\mysql-connector-java-8.0.18.jar;"/>
    <property name="sun.cpu.endian" value="little"/>
    <property name="user.home" value="C:\Users\Administrator"/>
    <property name="user.language" value="zh"/>
    <property name="java.specification.vendor" value="Oracle Corporation"/>
    <property name="java.home" value="E:\jdk1.8\jre"/>
    <property name="basedir" value="F:\代码文件夹\demo"/>
    <property name="file.separator" value="\"/>
    <property name="line.separator" value="&#10;"/>
    <property name="java.vm.specification.vendor" value="Oracle Corporation"/>
    <property name="java.specification.name" value="Java Platform API Specification"/>
    <property name="java.awt.graphicsenv" value="sun.awt.Win32GraphicsEnvironment"/>
    <property name="surefire.real.class.path" value="C:\Users\ADMINI~1\AppData\Local\Temp\surefire7480178029779260957\surefirebooter2784362048873006826.jar"/>
    <property name="sun.boot.class.path" value="E:\jdk1.8\jre\lib\resources.jar;E:\jdk1.8\jre\lib\rt.jar;E:\jdk1.8\jre\lib\sunrsasign.jar;E:\jdk1.8\jre\lib\jsse.jar;E:\jdk1.8\jre\lib\jce.jar;E:\jdk1.8\jre\lib\charsets.jar;E:\jdk1.8\jre\lib\jfr.jar;E:\jdk1.8\jre\classes"/>
    <property name="user.script" value=""/>
    <property name="sun.management.compiler" value="HotSpot 64-Bit Tiered Compilers"/>
    <property name="java.runtime.version" value="1.8.0_191-b12"/>
    <property name="user.name" value="Administrator"/>
    <property name="path.separator" value=";"/>
    <property name="os.version" value="6.1"/>
    <property name="java.endorsed.dirs" value="E:\jdk1.8\jre\lib\endorsed"/>
    <property name="java.runtime.name" value="Java(TM) SE Runtime Environment"/>
    <property name="file.encoding" value="GBK"/>
    <property name="java.vm.name" value="Java HotSpot(TM) 64-Bit Server VM"/>
    <property name="localRepository" value="F:\maven工作区间"/>
    <property name="java.vendor.url.bug" value="http://bugreport.sun.com/bugreport/"/>
    <property name="java.io.tmpdir" value="C:\Users\ADMINI~1\AppData\Local\Temp\"/>
    <property name="java.version" value="1.8.0_191"/>
    <property name="user.dir" value="F:\代码文件夹\demo"/>
    <property name="os.arch" value="amd64"/>
    <property name="java.vm.specification.name" value="Java Virtual Machine Specification"/>
    <property name="java.awt.printerjob" value="sun.awt.windows.WPrinterJob"/>
    <property name="sun.os.patch.level" value="Service Pack 1"/>
    <property name="idea.version2019.2" value="true"/>
    <property name="java.library.path" value="E:\jdk1.8\jre\bin;C:\Windows\Sun\Java\bin;C:\Windows\system32;C:\Windows;F:\IntelliJ IDEA 2019.2\jbr\\bin;F:\IntelliJ IDEA 2019.2\jbr\\bin\server;C:\Program Files (x86)\Intel\iCLS Client\;C:\Program Files\Intel\iCLS Client\;C:\Windows\system32;C:\Windows;C:\Windows\System32\Wbem;C:\Windows\System32\WindowsPowerShell\v1.0\;D:\Program Files\Intel\Intel(R) Management Engine Components\DAL;C:\Program Files (x86)\Intel\Intel(R) Management Engine Components\DAL;D:\Program Files\Intel\Intel(R) Management Engine Components\IPT;C:\Program Files (x86)\Intel\Intel(R) Management Engine Components\IPT;D:\Program Files\AMD\ATI.ACE\Core-Static;C:\Program Files\Microsoft\Web Platform Installer\;C:\Program Files (x86)\Microsoft ASP.NET\ASP.NET Web Pages\v1.0\;C:\Program Files (x86)\Windows Kits\8.0\Windows Performance Toolkit\;C:\Program Files\Microsoft SQL Server\110\Tools\Binn\;C:\Program Files (x86)\Microsoft SQL Server\100\Tools\Binn\;C:\Program Files\Microsoft SQL Server\100\Tools\Binn\;C:\Program Files\Microsoft SQL Server\100\DTS\Binn\;C:\Program Files (x86)\Microsoft SQL Server\100\Tools\Binn\VSShell\Common7\IDE\;C:\Program Files (x86)\Microsoft Visual Studio 9.0\Common7\IDE\PrivateAssemblies\;C:\Program Files (x86)\Microsoft SQL Server\100\DTS\Binn\;E:\工具\python;;E:\工具\git\Git\cmd;;;C:\Program Files\TortoiseGit\bin;;E:\工具\VSC\Microsoft VS Code\bin;;D:\apache-maven-3.6.1\bin;;E:\jdk1.8\bin;;%JRE_HOME\bin;."/>
    <property name="java.vm.info" value="mixed mode"/>
    <property name="java.vendor" value="Oracle Corporation"/>
    <property name="java.vm.version" value="25.191-b12"/>
    <property name="java.ext.dirs" value="E:\jdk1.8\jre\lib\ext;C:\Windows\Sun\Java\lib\ext"/>
    <property name="sun.io.unicode.encoding" value="UnicodeLittle"/>
    <property name="maven.repo.local" value="F:\maven工作区间"/>
    <property name="java.class.version" value="52.0"/>
  </properties>
  <testcase name="contextLoads" classname="com.zsy.demo.DemoApplicationTests" time="0.767"/>
</testsuite>